<?xml version="1.0" encoding="UTF-8"?>
<testng-results ignored="0" total="1" passed="1" failed="0" skipped="0">
  <reporter-output>
  </reporter-output>
  <suite started-at="2021-03-05T08:52:14Z" name="Suite" finished-at="2021-03-05T08:52:23Z" duration-ms="8978">
    <groups>
    </groups>
    <test started-at="2021-03-05T08:52:14Z" name="Test" finished-at="2021-03-05T08:52:23Z" duration-ms="8978">
      <class name="com.Test.SignUp.Account">
        <test-method signature="testCaseOne()[pri:0, instance:com.Test.SignUp.Account@3350ebdd]" started-at="2021-03-05T08:52:14Z" name="testCaseOne" finished-at="2021-03-05T08:52:23Z" duration-ms="8794" status="PASS">
          <reporter-output>
          </reporter-output>
        </test-method> <!-- testCaseOne -->
      </class> <!-- com.Test.SignUp.Account -->
    </test> <!-- Test -->
  </suite> <!-- Suite -->
</testng-results>
